<?xml version="1.0" encoding="UTF-8"?>
<!-- Generated by org.testng.reporters.JUnitXMLReporter -->
<testsuite ignored="0" hostname="DESKTOP-67L8E2C" failures="0" tests="3" name="Default test" time="7.225" errors="0" timestamp="2024-12-23T16:47:08 IST">
  <testcase classname="com.StoreAutomation.TestCases.StoreTests" name="testPostStore" time="4.605"/>
  <testcase classname="com.StoreAutomation.TestCases.StoreTests" name="testGetStore" time="1.245"/>
  <testcase classname="com.StoreAutomation.TestCases.StoreTests" name="testDeleteStore" time="1.205"/>
</testsuite> <!-- Default test -->
