<?xml version="1.0" encoding="UTF-8"?>
<!-- Generated by org.testng.reporters.JUnitXMLReporter -->
<testsuite ignored="0" hostname="DESKTOP-67L8E2C" failures="2" tests="3" name="Test" time="6.983" errors="0" timestamp="2024-12-23T16:37:50 IST">
  <testcase classname="com.StoreAutomation.TestCases.StoreTests2" name="testPostStore" time="4.321"/>
  <testcase classname="com.StoreAutomation.TestCases.StoreTests2" name="testGetStore" time="1.33">
    <failure type="java.lang.AssertionError" message="expected [200] but found [405]">
      <![CDATA[java.lang.AssertionError: expected [200] but found [405]
at com.StoreAutomation.TestCases.StoreTests2.testGetStore(StoreTests2.java:46)
at java.base/java.util.ArrayList.forEach(ArrayList.java:1597)
... Removed 32 stack frames]]>
    </failure>
  </testcase> <!-- testGetStore -->
  <testcase classname="com.StoreAutomation.TestCases.StoreTests2" name="testDeleteStore" time="1.169">
    <failure type="java.lang.AssertionError" message="expected [200] but found [405]">
      <![CDATA[java.lang.AssertionError: expected [200] but found [405]
at com.StoreAutomation.TestCases.StoreTests2.testDeleteStore(StoreTests2.java:52)
at java.base/java.util.ArrayList.forEach(ArrayList.java:1597)
... Removed 32 stack frames]]>
    </failure>
  </testcase> <!-- testDeleteStore -->
</testsuite> <!-- Test -->
