<?xml version="1.0" encoding="UTF-8"?>
<!-- Generated by org.testng.reporters.JUnitXMLReporter -->
<testsuite ignored="0" hostname="DESKTOP-67L8E2C" failures="0" tests="3" name="Test" time="7.064" errors="0" timestamp="2024-12-23T17:19:03 IST">
  <testcase classname="com.StoreAutomation.TestCases.StoreTests2" name="testPostStore" time="4.076"/>
  <testcase classname="com.StoreAutomation.TestCases.StoreTests2" name="testGetStore" time="1.275"/>
  <testcase classname="com.StoreAutomation.TestCases.StoreTests2" name="testDeleteStore" time="1.175"/>
</testsuite> <!-- Test -->
