<?xml version="1.0" encoding="UTF-8"?>
<testng-results ignored="0" total="3" passed="3" failed="0" skipped="0">
  <reporter-output>
  </reporter-output>
  <suite started-at="2024-12-23T16:47:01 IST" name="Default suite" finished-at="2024-12-23T16:47:08 IST" duration-ms="7225">
    <groups>
    </groups>
    <test started-at="2024-12-23T16:47:01 IST" name="Default test" finished-at="2024-12-23T16:47:08 IST" duration-ms="7225">
      <class name="com.StoreAutomation.TestCases.StoreTests">
        <test-method is-config="true" signature="setUP()[pri:0, instance:com.StoreAutomation.TestCases.StoreTests@292d1c71]" started-at="2024-12-23T16:47:01 IST" name="setUP" finished-at="2024-12-23T16:47:01 IST" duration-ms="72" status="PASS">
          <reporter-output>
          </reporter-output>
        </test-method> <!-- setUP -->
        <test-method signature="testPostStore()[pri:1, instance:com.StoreAutomation.TestCases.StoreTests@292d1c71]" started-at="2024-12-23T16:47:01 IST" name="testPostStore" finished-at="2024-12-23T16:47:05 IST" duration-ms="4605" status="PASS">
          <reporter-output>
          </reporter-output>
        </test-method> <!-- testPostStore -->
        <test-method signature="testGetStore()[pri:2, instance:com.StoreAutomation.TestCases.StoreTests@292d1c71]" started-at="2024-12-23T16:47:05 IST" name="testGetStore" finished-at="2024-12-23T16:47:07 IST" duration-ms="1245" status="PASS">
          <reporter-output>
          </reporter-output>
        </test-method> <!-- testGetStore -->
        <test-method signature="testDeleteStore()[pri:3, instance:com.StoreAutomation.TestCases.StoreTests@292d1c71]" started-at="2024-12-23T16:47:07 IST" name="testDeleteStore" finished-at="2024-12-23T16:47:08 IST" duration-ms="1205" status="PASS">
          <reporter-output>
          </reporter-output>
        </test-method> <!-- testDeleteStore -->
      </class> <!-- com.StoreAutomation.TestCases.StoreTests -->
    </test> <!-- Default test -->
  </suite> <!-- Default suite -->
</testng-results>
